[debug] [2024-03-05T00:02:59.276Z] ----------------------------------------------------------------------
[debug] [2024-03-05T00:02:59.277Z] Command:       C:\Program Files\nodejs\node.exe C:\Users\noahh\AppData\Roaming\npm\node_modules\firebase-tools\lib\bin\firebase.js init
[debug] [2024-03-05T00:02:59.277Z] CLI Version:   13.4.0
[debug] [2024-03-05T00:02:59.277Z] Platform:      win32
[debug] [2024-03-05T00:02:59.278Z] Node Version:  v18.17.1
[debug] [2024-03-05T00:02:59.278Z] Time:          Mon Mar 04 2024 18:02:59 GMT-0600 (Central Standard Time)
[debug] [2024-03-05T00:02:59.279Z] ----------------------------------------------------------------------
[debug] 
[debug] [2024-03-05T00:02:59.284Z] > command requires scopes: ["email","openid","https://www.googleapis.com/auth/cloudplatformprojects.readonly","https://www.googleapis.com/auth/firebase","https://www.googleapis.com/auth/cloud-platform"]
[debug] [2024-03-05T00:02:59.284Z] > authorizing via signed-in user (noahhugginsx@gmail.com)
[info] 
     ######## #### ########  ######## ########     ###     ######  ########
     ##        ##  ##     ## ##       ##     ##  ##   ##  ##       ##
     ######    ##  ########  ######   ########  #########  ######  ######
     ##        ##  ##    ##  ##       ##     ## ##     ##       ## ##
     ##       #### ##     ## ######## ########  ##     ##  ######  ########

You're about to initialize a Firebase project in this directory:

  C:\Users\noahh\My Projects\Websites\tasksync

[info] 
=== Project Setup
[info] 
[info] First, let's associate this project directory with a Firebase project.
[info] You can create multiple project aliases by running firebase use --add, 
[info] but for now we'll just set up a default project.
[info] 
[debug] [2024-03-05T00:03:23.988Z] >>> [apiv2][query] GET https://firebase.googleapis.com/v1beta1/projects pageSize=100
[debug] [2024-03-05T00:03:24.328Z] <<< [apiv2][status] GET https://firebase.googleapis.com/v1beta1/projects 200
[debug] [2024-03-05T00:03:24.328Z] <<< [apiv2][body] GET https://firebase.googleapis.com/v1beta1/projects [omitted]
[info] i  Using project tasksync-85e6d (TaskSync) 
[info] 
=== Database Setup
[info] i  database: ensuring required API firebasedatabase.googleapis.com is enabled... 
[debug] [2024-03-05T00:03:26.291Z] >>> [apiv2][query] GET https://serviceusage.googleapis.com/v1/projects/tasksync-85e6d/services/firebasedatabase.googleapis.com [none]
[debug] [2024-03-05T00:03:26.292Z] >>> [apiv2][(partial)header] GET https://serviceusage.googleapis.com/v1/projects/tasksync-85e6d/services/firebasedatabase.googleapis.com x-goog-quota-user=projects/tasksync-85e6d
[debug] [2024-03-05T00:03:26.560Z] <<< [apiv2][status] GET https://serviceusage.googleapis.com/v1/projects/tasksync-85e6d/services/firebasedatabase.googleapis.com 200
[debug] [2024-03-05T00:03:26.560Z] <<< [apiv2][body] GET https://serviceusage.googleapis.com/v1/projects/tasksync-85e6d/services/firebasedatabase.googleapis.com [omitted]
[info] +  database: required API firebasedatabase.googleapis.com is enabled 
[info] 
[debug] [2024-03-05T00:03:26.561Z] >>> [apiv2][query] GET https://firebasedatabase.googleapis.com/v1beta/projects/tasksync-85e6d/locations/-/instances/tasksync-85e6d-default-rtdb [none]
[debug] [2024-03-05T00:03:26.785Z] <<< [apiv2][status] GET https://firebasedatabase.googleapis.com/v1beta/projects/tasksync-85e6d/locations/-/instances/tasksync-85e6d-default-rtdb 200
[debug] [2024-03-05T00:03:26.785Z] <<< [apiv2][body] GET https://firebasedatabase.googleapis.com/v1beta/projects/tasksync-85e6d/locations/-/instances/tasksync-85e6d-default-rtdb {"name":"projects/822937997948/locations/us-central1/instances/tasksync-85e6d-default-rtdb","project":"projects/822937997948","databaseUrl":"https://tasksync-85e6d-default-rtdb.firebaseio.com","type":"DEFAULT_DATABASE","state":"ACTIVE"}
[info] 
[info] Firebase Realtime Database Security Rules allow you to define how your data should be
[info] structured and when your data can be read from and written to.
[info] 
[debug] [2024-03-05T00:03:41.249Z] >>> [apiv2][query] GET https://tasksync-85e6d-default-rtdb.firebaseio.com/.settings/rules.json [none]
[debug] [2024-03-05T00:03:41.383Z] <<< [apiv2][status] GET https://tasksync-85e6d-default-rtdb.firebaseio.com/.settings/rules.json 200
[debug] [2024-03-05T00:03:41.383Z] <<< [apiv2][body] GET https://tasksync-85e6d-default-rtdb.firebaseio.com/.settings/rules.json [stream]
[info] +  Database Rules for tasksync-85e6d-default-rtdb have been written to database.rules.json. 
[info] Future modifications to database.rules.json will update Realtime Database Security Rules when you run
[info] firebase deploy.
[info] 
=== Hosting Setup
[debug] [2024-03-05T00:03:41.386Z] >>> [apiv2][query] GET https://firebase.googleapis.com/v1beta1/projects/tasksync-85e6d [none]
[debug] [2024-03-05T00:03:41.592Z] <<< [apiv2][status] GET https://firebase.googleapis.com/v1beta1/projects/tasksync-85e6d 200
[debug] [2024-03-05T00:03:41.592Z] <<< [apiv2][body] GET https://firebase.googleapis.com/v1beta1/projects/tasksync-85e6d {"projectId":"tasksync-85e6d","projectNumber":"822937997948","displayName":"TaskSync","name":"projects/tasksync-85e6d","resources":{"hostingSite":"tasksync-85e6d","realtimeDatabaseInstance":"tasksync-85e6d-default-rtdb"},"state":"ACTIVE","etag":"1_33274e46-bce8-4c4e-b4cd-424a14ed709a"}
[info] 
[info] Your public directory is the folder (relative to your project directory) that
[info] will contain Hosting assets to be uploaded with firebase deploy. If you
[info] have a build process for your assets, use your build's output directory.
[info] 
[debug] [2024-03-05T00:05:47.391Z] >>> [apiv2][query] GET https://www.gstatic.com/firebasejs/releases.json [none]
[debug] [2024-03-05T00:05:47.497Z] <<< [apiv2][status] GET https://www.gstatic.com/firebasejs/releases.json 200
[debug] [2024-03-05T00:05:47.497Z] <<< [apiv2][body] GET https://www.gstatic.com/firebasejs/releases.json {"current":{"version":"10.8.1","browserURL":"https://www.gstatic.com/firebasejs/10.8.1/firebase.js","packageURL":"https://www.gstatic.com/firebasejs/10.8.1/firebase.tgz"},"live":{"version":"10.8","browserURL":"https://www.gstatic.com/firebasejs/live/10.8/firebase.js","packageURL":"https://www.gstatic.com/firebasejs/live/10.8/firebase.tgz"},"components":{"analytics":"https://www.gstatic.com/firebasejs/10.8.1/firebase-analytics.js","app":"https://www.gstatic.com/firebasejs/10.8.1/firebase-app.js","app-check":"https://www.gstatic.com/firebasejs/10.8.1/firebase-app-check.js","auth":"https://www.gstatic.com/firebasejs/10.8.1/firebase-auth.js","auth/cordova":"https://www.gstatic.com/firebasejs/10.8.1/firebase-auth/cordova.js","auth/web-extension":"https://www.gstatic.com/firebasejs/10.8.1/firebase-auth/web-extension.js","functions":"https://www.gstatic.com/firebasejs/10.8.1/firebase-functions.js","firestore":"https://www.gstatic.com/firebasejs/10.8.1/firebase-firestore.js","firestore/lite":"https://www.gstatic.com/firebasejs/10.8.1/firebase-firestore/lite.js","installations":"https://www.gstatic.com/firebasejs/10.8.1/firebase-installations.js","storage":"https://www.gstatic.com/firebasejs/10.8.1/firebase-storage.js","performance":"https://www.gstatic.com/firebasejs/10.8.1/firebase-performance.js","remote-config":"https://www.gstatic.com/firebasejs/10.8.1/firebase-remote-config.js","messaging":"https://www.gstatic.com/firebasejs/10.8.1/firebase-messaging.js","messaging/sw":"https://www.gstatic.com/firebasejs/10.8.1/firebase-messaging/sw.js","database":"https://www.gstatic.com/firebasejs/10.8.1/firebase-database.js","firestore.memory":"https://www.gstatic.com/firebasejs/10.8.1/firebase-firestore.memory.js"}}
[info] +  Wrote public/index.html 
[info] 
[info] i  Detected a .git folder at C:\Users\noahh\My Projects\Websites\tasksync 
[info] i  Authorizing with GitHub to upload your service account to a GitHub repository's secrets store. 
[info] 
[info] Visit this URL on this device to log in:
[info] https://github.com/login/oauth/authorize?client_id=89cf50f02ac6aaed3484&state=312857363&redirect_uri=http%3A%2F%2Flocalhost%3A9005&scope=read%3Auser%20repo%20public_repo
[info] 
[info] Waiting for authentication...
[debug] [2024-03-05T00:06:02.788Z] >>> [apiv2][query] POST https://github.com/login/oauth/access_token [none]
[debug] [2024-03-05T00:06:02.788Z] >>> [apiv2][body] POST https://github.com/login/oauth/access_token [stream]
[debug] [2024-03-05T00:06:03.011Z] <<< [apiv2][status] POST https://github.com/login/oauth/access_token 200
[debug] [2024-03-05T00:06:03.011Z] <<< [apiv2][body] POST https://github.com/login/oauth/access_token {"access_token":"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","token_type":"bearer","scope":"read:user,repo"}
[debug] [2024-03-05T00:06:03.015Z] >>> [apiv2][query] GET https://api.github.com/user [none]
[debug] [2024-03-05T00:06:03.293Z] <<< [apiv2][status] GET https://api.github.com/user 200
[debug] [2024-03-05T00:06:03.293Z] <<< [apiv2][body] GET https://api.github.com/user {"login":"DPBoi-NCH","id":142687859,"node_id":"U_kgDOCIE-cw","avatar_url":"https://avatars.githubusercontent.com/u/142687859?v=4","gravatar_id":"","url":"https://api.github.com/users/DPBoi-NCH","html_url":"https://github.com/DPBoi-NCH","followers_url":"https://api.github.com/users/DPBoi-NCH/followers","following_url":"https://api.github.com/users/DPBoi-NCH/following{/other_user}","gists_url":"https://api.github.com/users/DPBoi-NCH/gists{/gist_id}","starred_url":"https://api.github.com/users/DPBoi-NCH/starred{/owner}{/repo}","subscriptions_url":"https://api.github.com/users/DPBoi-NCH/subscriptions","organizations_url":"https://api.github.com/users/DPBoi-NCH/orgs","repos_url":"https://api.github.com/users/DPBoi-NCH/repos","events_url":"https://api.github.com/users/DPBoi-NCH/events{/privacy}","received_events_url":"https://api.github.com/users/DPBoi-NCH/received_events","type":"User","site_admin":false,"name":null,"company":null,"blog":"","location":null,"email":null,"hireable":null,"bio":null,"twitter_username":null,"public_repos":1,"public_gists":0,"followers":0,"following":0,"created_at":"2023-08-19T18:06:59Z","updated_at":"2024-03-04T23:09:14Z","private_gists":0,"total_private_repos":1,"owned_private_repos":1,"disk_usage":44,"collaborators":0,"two_factor_authentication":false,"plan":{"name":"free","space":976562499,"collaborators":0,"private_repos":10000}}
[info] 
[info] +  Success! Logged into GitHub as DPBoi-NCH 
[info] 
